Out of Memory Error (allocation.cpp:273), pid=5804, tid=0x0000000000001030
#
# JRE version: Java(TM) SE Runtime Environment (8.0_201-b09) (build 1.8.0_201-b09)
# Java VM: Java HotSpot(TM) 64-Bit Server VM (25.201-b09 mixed mode windows-amd64 compressed oops)
# Failed to write core dump. Minidumps are not enabled by default on client versions of Windows
#

---------------  T H R E A D  ---------------

Current thread (0x0000000015765800):  JavaThread "C1 CompilerThread2" daemon [_thread_in_native, id=4144, stack(0x0000000016fb0000,0x00000000170b0000)]

Stack: [0x0000000016fb0000,0x00000000170b0000]
[error occurred during error reporting (printing stack bounds), id 0xc0000005]



C1:4751  Event: 3617.754 Thread 0x0000000015765800 nmethod 4746 0x00000000033076d0 code [0x0000000003307a40, 0x0000000003309998]
Event: 3617.779 Thread 0x0000000015765800 4749       3       java.lang.Throwable::<init> (34 bytes)
Event: 3617.779 Thread 0x0000000015765800 nmethod 4749 0x00000000032bcc50 code [0x00000000032bcdc0, 0x00000000032bd0a8]
Event: 3617.781 Thread 0x0000000015765800 4748       3       java.io.ObjectStreamField::getTypeCode (9 bytes)
Event: 3617.789 Thread 0x0000000015765800 nmethod 4748 0x0000000003490490 code [0x0000000003490620, 0x00000000034909a8]
Event: 3617.804 Thread 0x0000000015765800 4747       3       java.security.MessageDigestSpi::<init> (5 bytes)
Event: 3617.804 Thread 0x0000000015765800 nmethod 4747 0x00000000031d65d0 code [0x00000000031d6720, 0x00000000031d68d0]
Event: 4120.893 Thread 0x0000000015761800 4750       4       java.io.WinNTFileSystem::prefixLength (91 bytes)
Event: 4120.923 Thread 0x0000000015761800 nmethod 4750 0x00000000037f0d50 code [0x00000000037f0ea0, 0x00000000037f1078]
Event: 4130.935 Thread 0x0000000015765800 4751       3       java.util.Formatter$FormatSpecifier::print (1536 bytes)

GC Heap History (10 events):
Event: 5.243 GC heap before
{Heap before GC invocations=9 (full 2):
 PSYoungGen      total 60928K, used 33752K [0x00000000eab00000, 0x00000000f0300000, 0x0000000100000000)
  eden space 55808K, 51% used [0x00000000eab00000,0x00000000ec6f65c8,0x00000000ee180000)
  from space 5120K, 99% used [0x00000000eee80000,0x00000000ef37fb18,0x00000000ef380000)
  to   space 13312K, 0% used [0x00000000ee180000,0x00000000ee180000,0x00000000eee80000)
 ParOldGen       total 49152K, used 15166K [0x00000000c0000000, 0x00000000c3000000, 0x00000000eab00000)
  object space 49152K, 30% used [0x00000000c0000000,0x00000000c0ecfa20,0x00000000c3000000)
 Metaspace       used 34704K, capacity 35127K, committed 35496K, reserved 1081344K
  class space    used 4450K, capacity 4572K, committed 4608K, reserved 1048576K
Event: 5.252 GC heap after
Heap after GC invocations=9 (full 2):
 PSYoungGen      total 69120K, used 12010K [0x00000000eab00000, 0x00000000f2e00000, 0x0000000100000000)
  eden space 55808K, 0% used [0x00000000eab00000,0x00000000eab00000,0x00000000ee180000)
  from space 13312K, 90% used [0x00000000ee180000,0x00000000eed3ab98,0x00000000eee80000)
  to   space 14848K, 0% used [0x00000000f1f80000,0x00000000f1f80000,0x00000000f2e00000)
 ParOldGen       total 49152K, used 15227K [0x00000000c0000000, 0x00000000c3000000, 0x00000000eab00000)
  object space 49152K, 30% used [0x00000000c0000000,0x00000000c0edee80,0x00000000c3000000)
 Metaspace       used 34704K, capacity 35127K, committed 35496K, reserved 1081344K
  class space    used 4450K, capacity 4572K, committed 4608K, reserved 1048576K
}
Event: 5.252 GC heap before
{Heap before GC invocations=10 (full 3):
 PSYoungGen      total 69120K, used 12010K [0x00000000eab00000, 0x00000000f2e00000, 0x0000000100000000)
  eden space 55808K, 0% used [0x00000000eab00000,0x00000000eab00000,0x00000000ee180000)
  from space 13312K, 90% used [0x00000000ee180000,0x00000000eed3ab98,0x00000000eee80000)
  to   space 14848K, 0% used [0x00000000f1f80000,0x00000000f1f80000,0x00000000f2e00000)
 ParOldGen       total 49152K, used 15227K [0x00000000c0000000, 0x00000000c3000000, 0x00000000eab00000)
  object space 49152K, 30% used [0x00000000c0000000,0x00000000c0edee80,0x00000000c3000000)
 Metaspace       used 34704K, capacity 35127K, committed 35496K, reserved 1081344K
  class space    used 4450K, capacity 4572K, committed 4608K, reserved 1048576K
Event: 5.345 GC heap after
Heap after GC invocations=10 (full 3):
 PSYoungGen      total 69120K, used 0K [0x00000000eab00000, 0x00000000f2e00000, 0x0000000100000000)
  eden space 55808K, 0% used [0x00000000eab00000,0x00000000eab00000,0x00000000ee180000)
  from space 13312K, 0% used [0x00000000ee180000,0x00000000ee180000,0x00000000eee80000)
  to   space 14848K, 0% used [0x00000000f1f80000,0x00000000f1f80000,0x00000000f2e00000)
 ParOldGen       total 73728K, used 19317K [0x00000000c0000000, 0x00000000c4800000, 0x00000000eab00000)
  object space 73728K, 26% used [0x00000000c0000000,0x00000000c12dd4b0,0x00000000c4800000)
 Metaspace       used 34704K, capacity 35127K, committed 35496K, reserved 1081344K
  class space    used 4450K, capacity 4572K, committed 4608K, reserved 1048576K
}
Event: 6.054 GC heap before
{Heap before GC invocations=11 (full 3):
 PSYoungGen      total 69120K, used 55808K [0x00000000eab00000, 0x00000000f2e00000, 0x0000000100000000)
  eden space 55808K, 100% used [0x00000000eab00000,0x00000000ee180000,0x00000000ee180000)
  from space 13312K, 0% used [0x00000000ee180000,0x00000000ee180000,0x00000000eee80000)
  to   space 14848K, 0% used [0x00000000f1f80000,0x00000000f1f80000,0x00000000f2e00000)
 ParOldGen       total 73728K, used 19317K [0x00000000c0000000, 0x00000000c4800000, 0x00000000eab00000)
  object space 73728K, 26% used [0x00000000c0000000,0x00000000c12dd4b0,0x00000000c4800000)
 Metaspace       used 40817K, capacity 41403K, committed 41856K, reserved 1085440K
  class space    used 5255K, capacity 5398K, committed 5504K, reserved 1048576K
Event: 6.065 GC heap after
Heap after GC invocations=11 (full 3):
 PSYoungGen      total 103936K, used 11084K [0x00000000eab00000, 0x00000000f2a80000, 0x0000000100000000)
  eden space 92672K, 0% used [0x00000000eab00000,0x00000000eab00000,0x00000000f0580000)
  from space 11264K, 98% used [0x00000000f1f80000,0x00000000f2a53310,0x00000000f2a80000)
  to   space 15360K, 0% used [0x00000000f0c80000,0x00000000f0c80000,0x00000000f1b80000)
 ParOldGen       total 73728K, used 19325K [0x00000000c0000000, 0x00000000c4800000, 0x00000000eab00000)
  object space 73728K, 26% used [0x00000000c0000000,0x00000000c12df4b0,0x00000000c4800000)
 Metaspace       used 40817K, capacity 41403K, committed 41856K, reserved 1085440K
  class space    used 5255K, capacity 5398K, committed 5504K, reserved 1048576K
}
Event: 3605.511 GC heap before
{Heap before GC invocations=12 (full 3):
 PSYoungGen      total 103936K, used 57344K [0x00000000eab00000, 0x00000000f2a80000, 0x0000000100000000)
  eden space 92672K, 49% used [0x00000000eab00000,0x00000000ed82cf00,0x00000000f0580000)
  from space 11264K, 98% used [0x00000000f1f80000,0x00000000f2a53310,0x00000000f2a80000)
  to   space 15360K, 0% used [0x00000000f0c80000,0x00000000f0c80000,0x00000000f1b80000)
 ParOldGen       total 73728K, used 19325K [0x00000000c0000000, 0x00000000c4800000, 0x00000000eab00000)
  object space 73728K, 26% used [0x00000000c0000000,0x00000000c12df4b0,0x00000000c4800000)
 Metaspace       used 47616K, capacity 48362K, committed 48768K, reserved 1091584K
  class space    used 5956K, capacity 6148K, committed 6272K, reserved 1048576K
Event: 3611.075 GC heap after
Heap after GC invocations=12 (full 3):
 PSYoungGen      total 104960K, used 12214K [0x00000000eab00000, 0x00000000f2580000, 0x0000000100000000)
  eden space 92672K, 0% used [0x00000000eab00000,0x00000000eab00000,0x00000000f0580000)
  from space 12288K, 99% used [0x00000000f0c80000,0x00000000f186db18,0x00000000f1880000)
  to   space 13312K, 0% used [0x00000000f1880000,0x00000000f1880000,0x00000000f2580000)
 ParOldGen       total 73728K, used 19333K [0x00000000c0000000, 0x00000000c4800000, 0x00000000eab00000)
  object space 73728K, 26% used [0x00000000c0000000,0x00000000c12e14b0,0x00000000c4800000)
 Metaspace       used 47616K, capacity 48362K, committed 48768K, reserved 1091584K
  class space    used 5956K, capacity 6148K, committed 6272K, reserved 1048576K
}
Event: 3611.086 GC heap before
{Heap before GC invocations=13 (full 4):
 PSYoungGen      total 104960K, used 12214K [0x00000000eab00000, 0x00000000f2580000, 0x0000000100000000)
  eden space 92672K, 0% used [0x00000000eab00000,0x00000000eab00000,0x00000000f0580000)
  from space 12288K, 99% used [0x00000000f0c80000,0x00000000f186db18,0x00000000f1880000)
  to   space 13312K, 0% used [0x00000000f1880000,0x00000000f1880000,0x00000000f2580000)
 ParOldGen       total 73728K, used 19333K [0x00000000c0000000, 0x00000000c4800000, 0x00000000eab00000)
  object space 73728K, 26% used [0x00000000c0000000,0x00000000c12e14b0,0x00000000c4800000)
 Metaspace       used 47616K, capacity 48362K, committed 48768K, reserved 1091584K
  class space    used 5956K, capacity 6148K, committed 6272K, reserved 1048576K
Event: 3617.432 GC heap after
Heap after GC invocations=13 (full 4):
 PSYoungGen      total 104960K, used 0K [0x00000000eab00000, 0x00000000f2580000, 0x0000000100000000)
  eden space 92672K, 0% used [0x00000000eab00000,0x00000000eab00000,0x00000000f0580000)
  from space 12288K, 0% used [0x00000000f0c80000,0x00000000f0c80000,0x00000000f1880000)
  to   space 13312K, 0% used [0x00000000f1880000,0x00000000f1880000,0x00000000f2580000)
 ParOldGen       total 73728K, used 15332K [0x00000000c0000000, 0x00000000c4800000, 0x00000000eab00000)
  object space 73728K, 20% used [0x00000000c0000000,0x00000000c0ef9078,0x00000000c4800000)
 Metaspace       used 47472K, capacity 48130K, committed 48768K, reserved 1091584K
  class space    used 5932K, capacity 6104K, committed 6272K, reserved 1048576K
}

Deoptimization events (10 events):
Event: 6.292 Thread 0x00000000178f9800 Uncommon trap: reason=bimorphic action=maybe_recompile pc=0x0000000003be32c4 method=org.jetbrains.kotlin.com.intellij.psi.impl.source.tree.SharedImplUtil.findFileElement(Lorg/jetbrains/kotlin/com/intellij/lang/ASTNode;)Lorg/jetbrains/kotlin/com/intellij/l
Event: 6.292 Thread 0x00000000178f9800 Uncommon trap: reason=bimorphic action=maybe_recompile pc=0x0000000003be32c4 method=org.jetbrains.kotlin.com.intellij.psi.impl.source.tree.SharedImplUtil.findFileElement(Lorg/jetbrains/kotlin/com/intellij/lang/ASTNode;)Lorg/jetbrains/kotlin/com/intellij/l
Event: 6.292 Thread 0x00000000178f9800 Uncommon trap: reason=bimorphic action=maybe_recompile pc=0x0000000003be32c4 method=org.jetbrains.kotlin.com.intellij.psi.impl.source.tree.SharedImplUtil.findFileElement(Lorg/jetbrains/kotlin/com/intellij/lang/ASTNode;)Lorg/jetbrains/kotlin/com/intellij/l
Event: 6.521 Thread 0x00000000178f9800 Uncommon trap: reason=unstable_if action=reinterpret pc=0x00000000039deef0 method=org.jetbrains.kotlin.name.Name.hashCode()I @ 16
Event: 6.563 Thread 0x00000000178f9800 Uncommon trap: reason=unstable_if action=reinterpret pc=0x0000000003b420f0 method=org.jetbrains.kotlin.protobuf.SmallSortedMap.entrySet()Ljava/util/Set; @ 4
Event: 6.570 Thread 0x00000000178f9800 Uncommon trap: reason=unstable_if action=reinterpret pc=0x0000000003b44478 method=org.jetbrains.kotlin.protobuf.SmallSortedMap.entrySet()Ljava/util/Set; @ 4
Event: 6.700 Thread 0x00000000178f9800 Uncommon trap: reason=bimorphic action=maybe_recompile pc=0x00000000038c5310 method=org.jetbrains.kotlin.protobuf.CodedOutputStream.refreshBuffer()V @ 28
Event: 6.703 Thread 0x00000000178f9800 Uncommon trap: reason=unstable_if action=reinterpret pc=0x0000000003ba95cc method=java.lang.ThreadLocal$ThreadLocalMap.getEntry(Ljava/lang/ThreadLocal;)Ljava/lang/ThreadLocal$ThreadLocalMap$Entry; @ 29
Event: 6.703 Thread 0x00000000178f9800 Uncommon trap: reason=unstable_if action=reinterpret pc=0x000000000361ecc0 method=org.jetbrains.kotlin.gnu.trove.TObjectHash.index(Ljava/lang/Object;)I @ 54
Event: 6.703 Thread 0x00000000178f9800 Uncommon trap: reason=unstable_if action=reinterpret pc=0x0000000003babb5c method=java.lang.ThreadLocal$ThreadLocalMap.getEntry(Ljava/lang/ThreadLocal;)Ljava/lang/ThreadLocal$ThreadLocalMap$Entry; @ 29

Classes redefined (0 events):
No events

Internal exceptions (10 events):
Event: 6.848 Thread 0x00000000178f9800 Exception <a 'sun/nio/fs/WindowsException'> (0x00000000ed351c58) thrown at [C:\re\workspace\8-2-build-windows-amd64-cygwin\jdk8u201\12322\hotspot\src\share\vm\prims\jni.cpp, line 709]
Event: 6.848 Thread 0x00000000178f9800 Exception <a 'java/io/FileNotFoundException'> (0x00000000ed353388) thrown at [C:\re\workspace\8-2-build-windows-amd64-cygwin\jdk8u201\12322\hotspot\src\share\vm\prims\jni.cpp, line 709]
Event: 6.848 Thread 0x00000000178f9800 Exception <a 'java/io/FileNotFoundException'> (0x00000000ed354c90) thrown at [C:\re\workspace\8-2-build-windows-amd64-cygwin\jdk8u201\12322\hotspot\src\share\vm\prims\jni.cpp, line 709]
Event: 6.852 Thread 0x00000000178f9800 Exception <a 'java/io/FileNotFoundException'> (0x00000000ed37edd8) thrown at [C:\re\workspace\8-2-build-windows-amd64-cygwin\jdk8u201\12322\hotspot\src\share\vm\prims\jni.cpp, line 709]
Event: 6.853 Thread 0x00000000178f9800 Exception <a 'sun/nio/fs/WindowsException'> (0x00000000ed380508) thrown at [C:\re\workspace\8-2-build-windows-amd64-cygwin\jdk8u201\12322\hotspot\src\share\vm\prims\jni.cpp, line 709]
Event: 6.853 Thread 0x00000000178f9800 Exception <a 'sun/nio/fs/WindowsException'> (0x00000000ed384158) thrown at [C:\re\workspace\8-2-build-windows-amd64-cygwin\jdk8u201\12322\hotspot\src\share\vm\prims\jni.cpp, line 709]
Event: 6.854 Thread 0x00000000178f9800 Exception <a 'java/io/FileNotFoundException'> (0x00000000ed3858a8) thrown at [C:\re\workspace\8-2-build-windows-amd64-cygwin\jdk8u201\12322\hotspot\src\share\vm\prims\jni.cpp, line 709]
Event: 6.854 Thread 0x00000000178f9800 Exception <a 'java/io/FileNotFoundException'> (0x00000000ed387210) thrown at [C:\re\workspace\8-2-build-windows-amd64-cygwin\jdk8u201\12322\hotspot\src\share\vm\prims\jni.cpp, line 709]
Event: 3617.730 Thread 0x0000000017905000 Exception <a 'java/lang/NoSuchMethodError': <clinit>> (0x00000000eab46970) thrown at [C:\re\workspace\8-2-build-windows-amd64-cygwin\jdk8u201\12322\hotspot\src\share\vm\prims\jni.cpp, line 1613]
Event: 3617.739 Thread 0x0000000017905000 Exception <a 'java/lang/NoSuchMethodError': <clinit>> (0x00000000eab58908) thrown at [C:\re\workspace\8-2-build-windows-amd64-cygwin\jdk8u201\12322\hotspot\src\share\vm\prims\jni.cpp, line 1613]

Events (10 events):
Event: 3617.819 Thread 0x0000000015765800 flushing nmethod 0x0000000003931290
Event: 3618.530 Thread 0x0000000017905000 Thread exited: 0x0000000017905000
Event: 3633.531 Executing VM operation: RevokeBias
Event: 3633.531 Executing VM operation: RevokeBias done
Event: 3633.531 Executing VM operation: RevokeBias
Event: 3633.531 Executing VM operation: RevokeBias done
Event: 3633.531 Executing VM operation: RevokeBias
Event: 3633.531 Executing VM operation: RevokeBias done
Event: 4120.959 Thread 0x0000000015761800 flushing nmethod 0x000000000395e350
Event: 4120.974 Thread 0x0000000015761800 flushing nmethod 0x00000000039bc510


Dynamic libraries:
0x00007ff63e0c0000 - 0x00007ff63e0f7000 	C:\Program Files\Java\jdk1.8.0_201\jre\bin\java.exe
0x00007ffea4890000 - 0x00007ffea4a7d000 	C:\Windows\SYSTEM32\ntdll.dll
0x00007ffea3540000 - 0x00007ffea35f3000 	C:\Windows\System32\KERNEL32.DLL
0x00007ffea0cf0000 - 0x00007ffea0f83000 	C:\Windows\System32\KERNELBASE.dll
0x00007ffea3a30000 - 0x00007ffea3ad3000 	C:\Windows\System32\ADVAPI32.dll
0x00007ffea32f0000 - 0x00007ffea338e000 	C:\Windows\System32\msvcrt.dll
0x00007ffea3820000 - 0x00007ffea38be000 	C:\Windows\System32\sechost.dll
0x00007ffea45b0000 - 0x00007ffea46d2000 	C:\Windows\System32\RPCRT4.dll
0x00007ffea3bf0000 - 0x00007ffea3d87000 	C:\Windows\System32\USER32.dll
0x00007ffea0b40000 - 0x00007ffea0b60000 	C:\Windows\System32\win32u.dll
0x00007ffea3bb0000 - 0x00007ffea3bd9000 	C:\Windows\System32\GDI32.dll
0x00007ffea0950000 - 0x00007ffea0ae9000 	C:\Windows\System32\gdi32full.dll
0x00007ffea1830000 - 0x00007ffea18d0000 	C:\Windows\System32\msvcp_win.dll
0x00007ffea1710000 - 0x00007ffea180a000 	C:\Windows\System32\ucrtbase.dll
0x00007ffe812f0000 - 0x00007ffe81569000 	C:\Windows\WinSxS\amd64_microsoft.windows.common-controls_6595b64144ccf1df_6.0.17763.914_none_05b346b2072102f2\COMCTL32.dll
0x00007ffea2fc0000 - 0x00007ffea32ec000 	C:\Windows\System32\combase.dll
0x00007ffea0c70000 - 0x00007ffea0cee000 	C:\Windows\System32\bcryptPrimitives.dll
0x00007ffea37c0000 - 0x00007ffea37ee000 	C:\Windows\System32\IMM32.DLL
0x000000006a450000 - 0x000000006a521000 	C:\Program Files\Java\jdk1.8.0_201\jre\bin\msvcr100.dll
0x00000000693e0000 - 0x0000000069c84000 	C:\Program Files\Java\jdk1.8.0_201\jre\bin\server\jvm.dll
0x00007ffea2fb0000 - 0x00007ffea2fb8000 	C:\Windows\System32\PSAPI.DLL
0x00007ffe91dc0000 - 0x00007ffe91dc9000 	C:\Windows\SYSTEM32\WSOCK32.dll
0x00007ffea3b40000 - 0x00007ffea3bad000 	C:\Windows\System32\WS2_32.dll
0x00007ffe9e280000 - 0x00007ffe9e2a4000 	C:\Windows\SYSTEM32\WINMM.dll
0x00007ffe97190000 - 0x00007ffe9719a000 	C:\Windows\SYSTEM32\VERSION.dll
0x00007ffe9e080000 - 0x00007ffe9e0ad000 	C:\Windows\SYSTEM32\WINMMBASE.dll
0x00007ffea0af0000 - 0x00007ffea0b3a000 	C:\Windows\System32\cfgmgr32.dll
0x00007ffe91800000 - 0x00007ffe9180f000 	C:\Program Files\Java\jdk1.8.0_201\jre\bin\verify.dll
0x00007ffe6e070000 - 0x00007ffe6e099000 	C:\Program Files\Java\jdk1.8.0_201\jre\bin\java.dll
0x00007ffe83420000 - 0x00007ffe83436000 	C:\Program Files\Java\jdk1.8.0_201\jre\bin\zip.dll
0x00007ffea1ab0000 - 0x00007ffea2fa4000 	C:\Windows\System32\SHELL32.dll
0x00007ffea3d90000 - 0x00007ffea3e38000 	C:\Windows\System32\shcore.dll
0x00007ffea0f90000 - 0x00007ffea16dd000 	C:\Windows\System32\windows.storage.dll
0x00007ffea0920000 - 0x00007ffea0944000 	C:\Windows\System32\profapi.dll
0x00007ffea08a0000 - 0x00007ffea08fd000 	C:\Windows\System32\powrprof.dll
0x00007ffea3760000 - 0x00007ffea37b2000 	C:\Windows\System32\shlwapi.dll
0x00007ffea0880000 - 0x00007ffea0891000 	C:\Windows\System32\kernel.appcore.dll
0x00007ffea1810000 - 0x00007ffea1827000 	C:\Windows\System32\cryptsp.dll
0x00007ffe823a0000 - 0x00007ffe823ad000 	C:\Program Files\Java\jdk1.8.0_201\jre\bin\management.dll
0x00007ffe7e300000 - 0x00007ffe7e31a000 	C:\Program Files\Java\jdk1.8.0_201\jre\bin\net.dll
0x00007ffe8b510000 - 0x00007ffe8b6e7000 	C:\Windows\SYSTEM32\urlmon.dll
0x00007ffe8ad40000 - 0x00007ffe8afe8000 	C:\Windows\SYSTEM32\iertutil.dll
0x00007ffea02c0000 - 0x00007ffea02cc000 	C:\Windows\SYSTEM32\CRYPTBASE.DLL
0x00007ffea00f0000 - 0x00007ffea0157000 	C:\Windows\system32\mswsock.dll
0x00007ffe7d420000 - 0x00007ffe7d431000 	C:\Program Files\Java\jdk1.8.0_201\jre\bin\nio.dll
0x00007ffe9fc70000 - 0x00007ffe9fca3000 	C:\Windows\system32\rsaenh.dll
0x00007ffea16e0000 - 0x00007ffea1706000 	C:\Windows\System32\bcrypt.dll
0x00007ffea0780000 - 0x00007ffea07a8000 	C:\Windows\SYSTEM32\USERENV.dll
0x00007ffe9fe10000 - 0x00007ffe9fe4d000 	C:\Windows\SYSTEM32\IPHLPAPI.DLL
0x00007ffea37f0000 - 0x00007ffea37f8000 	C:\Windows\System32\NSI.dll
0x00007ffe936e0000 - 0x00007ffe936f6000 	C:\Windows\SYSTEM32\dhcpcsvc6.DLL
0x00007ffe93720000 - 0x00007ffe9373c000 	C:\Windows\SYSTEM32\dhcpcsvc.DLL
0x00007ffe9fe60000 - 0x00007ffe9ff26000 	C:\Windows\SYSTEM32\DNSAPI.dll

VM Arguments:
jvm_args: -Djava.awt.headless=true -Djava.rmi.server.hostname=127.0.0.1 -Xmx1024m -Dkotlin.environment.keepalive 
java_command: org.jetbrains.kotlin.daemon.KotlinCompileDaemon --daemon-runFilesPath C:\Users\Lenovo 1\AppData\Local\kotlin\daemon --daemon-autoshutdownIdleSeconds=7200 --daemon-compilerClasspath C:\Users\Lenovo 1\.gradle\caches\modules-2\files-2.1\org.jetbrains.kotlin\kotlin-compiler-embeddable\1.3.11\a8db6c14f8b8ed74aa11b8379f961587b639c571\kotlin-compiler-embeddable-1.3.11.jar;C:\Users\Lenovo 1\.gradle\caches\modules-2\files-2.1\org.jetbrains.kotlin\kotlin-reflect\1.3.11\aae7b33412715e9ed441934c4ffaad1bb80e9d36\kotlin-reflect-1.3.11.jar;C:\Users\Lenovo 1\.gradle\caches\modules-2\files-2.1\org.jetbrains.kotlin\kotlin-stdlib\1.3.11\4cbc5922a54376018307a731162ccaf3ef851a39\kotlin-stdlib-1.3.11.jar;C:\Users\Lenovo 1\.gradle\caches\modules-2\files-2.1\org.jetbrains.kotlin\kotlin-script-runtime\1.3.11\1ef3a816aeacb9cd051b3ed37e2abf88910f1503\kotlin-script-runtime-1.3.11.jar;C:\Users\Lenovo 1\.gradle\caches\modules-2\files-2.1\org.jetbrains.kotlin\kotlin-stdlib-common\1.3.11\d8b8e746e279f1c4f5e08bc14a96b82e6bb1de02\kotlin-stdlib-common-1.3.11.jar;C:\Users\Lenovo 1\.gradle\caches\modules-2\files-2.1\org.jetbrains\annotations\13.0\919f0dfe192fb4e063e7dacadee7f8bb9a2672a9\annotations-13.0.jar;C:\Program Files\Java\jdk1.8.0_201\lib\tools.jar
java_class_path (initial): C:\Users\Lenovo 1\.gradle\caches\modules-2\files-2.1\org.jetbrains.kotlin\kotlin-compiler-embeddable\1.3.11\a8db6c14f8b8ed74aa11b8379f961587b639c571\kotlin-compiler-embeddable-1.3.11.jar;C:\Users\Lenovo 1\.gradle\caches\modules-2\files-2.1\org.jetbrains.kotlin\kotlin-reflect\1.3.11\aae7b33412715e9ed441934c4ffaad1bb80e9d36\kotlin-reflect-1.3.11.jar;C:\Users\Lenovo 1\.gradle\caches\modules-2\files-2.1\org.jetbrains.kotlin\kotlin-stdlib\1.3.11\4cbc5922a54376018307a731162ccaf3ef851a39\kotlin-stdlib-1.3.11.jar;C:\Users\Lenovo 1\.gradle\caches\modules-2\files-2.1\org.jetbrains.kotlin\kotlin-script-runtime\1.3.11\1ef3a816aeacb9cd051b3ed37e2abf88910f1503\kotlin-script-runtime-1.3.11.jar;C:\Users\Lenovo 1\.gradle\caches\modules-2\files-2.1\org.jetbrains.kotlin\kotlin-stdlib-common\1.3.11\d8b8e746e279f1c4f5e08bc14a96b82e6bb1de02\kotlin-stdlib-common-1.3.11.jar;C:\Users\Lenovo 1\.gradle\caches\modules-2\files-2.1\org.jetbrains\annotations\13.0\919f0dfe192fb4e063e7dacadee7f8bb9a2672a9\annotations-13.0.jar;C:\Program Files\Java\jdk1.8.0_201\lib\tools.jar
Launcher Type: SUN_STANDARD

Environment Variables:
JAVA_HOME=C:\Program Files\Java\jdk1.8.0_201
CLASSPATH=D:\Aroha apps\Disk(D)\reactexp\AlbertaApp\android\\gradle\wrapper\gradle-wrapper.jar
PATH=C:\Program Files (x86)\Common Files\Oracle\Java\javapath;C:\Windows\system32;C:\Windows;C:\Windows\System32\Wbem;C:\Windows\System32\WindowsPowerShell\v1.0\;C:\Windows\System32\OpenSSH\;C:\Program Files\nodejs\;C:\Users\Lenovo 1\AppData\Local\Android\Sdk\platform-tools;C:\Program Files\Git\cmd;C:\Users\Lenovo 1\AppData\Roaming\npm;C:\Users\Lenovo 1\AppData\Roaming\npm;C:\Users\Lenovo 1\AppData\Local\Programs\Microsoft VS Code\bin
USERNAME=Lenovo 1
OS=Windows_NT
PROCESSOR_IDENTIFIER=Intel64 Family 6 Model 142 Stepping 10, GenuineIntel



---------------  S Y S T E M  ---------------

OS: Windows 10.0 , 64 bit Build 17763 (10.0.17763.475)

CPU:total 4 (initial active 4) (2 cores per cpu, 2 threads per core) family 6 model 142 stepping 10, cmov, cx8, fxsr, mmx, sse, sse2, sse3, ssse3, sse4.1, sse4.2, popcnt, avx, avx2, aes, clmul, erms, 3dnowpref, lzcnt, ht, tsc, tscinvbit, bmi1, bmi2, adx

Memory: 4k page, physical 8283152k(1486608k free), swap 33448976k(0k free)

vm_info: Java HotSpot(TM) 64-Bit Server VM (25.201-b09) for windows-amd64 JRE (1.8.0_201-b09), built on Dec 15 2018 18:36:39 by "java_re" with MS VC++ 10.0 (VS2010)

time: Fri Dec 20 14:33:44 2019
timezone: India Standard Time
elapsed time: 4132 seconds (0d 1h 8m 52s)

